[23-Jul-2024 16:19:51] NOTICE: fpm is running, pid 1716
[23-Jul-2024 16:19:51] NOTICE: ready to handle connections
[23-Jul-2024 16:28:39] NOTICE: Terminating ...
[23-Jul-2024 16:28:39] NOTICE: Terminating ...
[23-Jul-2024 16:28:39] NOTICE: exiting, bye-bye!
[23-Jul-2024 16:28:44] NOTICE: fpm is running, pid 2020
[23-Jul-2024 16:28:44] NOTICE: ready to handle connections
[06-Aug-2024 21:06:56] NOTICE: Terminating ...
[06-Aug-2024 21:06:56] NOTICE: Terminating ...
[06-Aug-2024 21:06:56] NOTICE: exiting, bye-bye!
[17-Sep-2024 14:21:59] NOTICE: fpm is running, pid 79584
[17-Sep-2024 14:21:59] NOTICE: ready to handle connections
[18-Sep-2024 11:14:36] NOTICE: fpm is running, pid 1409
[18-Sep-2024 11:14:36] NOTICE: ready to handle connections
[19-Sep-2024 11:12:38] NOTICE: Terminating ...
[19-Sep-2024 11:12:38] NOTICE: Terminating ...
[19-Sep-2024 11:12:38] NOTICE: exiting, bye-bye!
[24-Sep-2024 14:23:36] NOTICE: fpm is running, pid 29599
[24-Sep-2024 14:23:36] NOTICE: ready to handle connections
[24-Sep-2024 14:30:25] NOTICE: Terminating ...
[24-Sep-2024 14:30:25] NOTICE: Terminating ...
[24-Sep-2024 14:30:25] NOTICE: exiting, bye-bye!
[24-Sep-2024 14:30:28] NOTICE: fpm is running, pid 29771
[24-Sep-2024 14:30:28] NOTICE: ready to handle connections
[27-Sep-2024 19:34:59] NOTICE: Terminating ...
[27-Sep-2024 19:34:59] NOTICE: Terminating ...
[27-Sep-2024 19:34:59] NOTICE: exiting, bye-bye!
[01-Oct-2024 17:49:10] NOTICE: fpm is running, pid 63701
[01-Oct-2024 17:49:10] NOTICE: ready to handle connections
[08-Oct-2024 11:29:38] NOTICE: Terminating ...
[08-Oct-2024 11:29:38] NOTICE: exiting, bye-bye!
[09-Oct-2024 15:50:36] NOTICE: fpm is running, pid 93076
[09-Oct-2024 15:50:36] NOTICE: ready to handle connections
[09-Oct-2024 15:54:14] NOTICE: Terminating ...
[09-Oct-2024 15:54:14] NOTICE: Terminating ...
[09-Oct-2024 15:54:14] NOTICE: exiting, bye-bye!
[01-Nov-2024 16:22:26] NOTICE: fpm is running, pid 56253
[01-Nov-2024 16:22:26] NOTICE: ready to handle connections
[02-Nov-2024 12:25:56] NOTICE: Terminating ...
[02-Nov-2024 12:25:56] NOTICE: exiting, bye-bye!
